[0.762s] DEBUG:colcon:Command line arguments: ['/usr/bin/colcon', 'build']
[0.763s] DEBUG:colcon:Parsed command line arguments: Namespace(log_base=None, log_level=None, verb_name='build', build_base='build', install_base='install', merge_install=False, symlink_install=False, test_result_base=None, continue_on_error=False, executor='parallel', parallel_workers=4, event_handlers=None, ignore_user_meta=False, metas=['./colcon.meta'], base_paths=['.'], packages_ignore=None, packages_ignore_regex=None, paths=None, packages_up_to=None, packages_up_to_regex=None, packages_above=None, packages_above_and_dependencies=None, packages_above_depth=None, packages_select_by_dep=None, packages_skip_by_dep=None, packages_skip_up_to=None, packages_select_build_failed=False, packages_skip_build_finished=False, packages_select_test_failures=False, packages_skip_test_passed=False, packages_select=None, packages_skip=None, packages_select_regex=None, packages_skip_regex=None, packages_start=None, packages_end=None, allow_overriding=[], cmake_args=None, cmake_target=None, cmake_target_skip_unavailable=False, cmake_clean_cache=False, cmake_clean_first=False, cmake_force_configure=False, ament_cmake_args=None, catkin_cmake_args=None, catkin_skip_building_tests=False, mixin_files=None, mixin=None, verb_parser=<colcon_mixin.mixin.mixin_argument.MixinArgumentDecorator object at 0xffffa81d4be0>, verb_extension=<colcon_core.verb.build.BuildVerb object at 0xffffa81d4610>, main=<bound method BuildVerb.main of <colcon_core.verb.build.BuildVerb object at 0xffffa81d4610>>, mixin_verb=('build',))
[2.089s] Level 1:colcon.colcon_core.package_discovery:discover_packages(colcon_meta) check parameters
[2.090s] Level 1:colcon.colcon_core.package_discovery:discover_packages(recursive) check parameters
[2.090s] Level 1:colcon.colcon_core.package_discovery:discover_packages(ignore) check parameters
[2.090s] Level 1:colcon.colcon_core.package_discovery:discover_packages(path) check parameters
[2.090s] Level 1:colcon.colcon_core.package_discovery:discover_packages(colcon_meta) discover
[2.091s] Level 1:colcon.colcon_core.package_discovery:discover_packages(recursive) discover
[2.091s] INFO:colcon.colcon_core.package_discovery:Crawling recursively for packages in '/home/ubuntu/iMax_ws'
[2.092s] Level 1:colcon.colcon_core.package_identification:_identify(.) by extensions ['ignore', 'ignore_ament_install']
[2.092s] Level 1:colcon.colcon_core.package_identification:_identify(.) by extension 'ignore'
[2.092s] Level 1:colcon.colcon_core.package_identification:_identify(.) by extension 'ignore_ament_install'
[2.093s] Level 1:colcon.colcon_core.package_identification:_identify(.) by extensions ['colcon_pkg']
[2.093s] Level 1:colcon.colcon_core.package_identification:_identify(.) by extension 'colcon_pkg'
[2.094s] Level 1:colcon.colcon_core.package_identification:_identify(.) by extensions ['colcon_meta']
[2.094s] Level 1:colcon.colcon_core.package_identification:_identify(.) by extension 'colcon_meta'
[2.094s] Level 1:colcon.colcon_core.package_identification:_identify(.) by extensions ['ros']
[2.094s] Level 1:colcon.colcon_core.package_identification:_identify(.) by extension 'ros'
[2.164s] Level 1:colcon.colcon_core.package_identification:_identify(.) by extensions ['cmake', 'python']
[2.165s] Level 1:colcon.colcon_core.package_identification:_identify(.) by extension 'cmake'
[2.165s] Level 1:colcon.colcon_core.package_identification:_identify(.) by extension 'python'
[2.166s] Level 1:colcon.colcon_core.package_identification:_identify(.) by extensions ['python_setup_py']
[2.166s] Level 1:colcon.colcon_core.package_identification:_identify(.) by extension 'python_setup_py'
[2.167s] Level 1:colcon.colcon_core.package_identification:_identify(build) by extensions ['ignore', 'ignore_ament_install']
[2.167s] Level 1:colcon.colcon_core.package_identification:_identify(build) by extension 'ignore'
[2.167s] Level 1:colcon.colcon_core.package_identification:_identify(build) ignored
[2.168s] Level 1:colcon.colcon_core.package_identification:_identify(install) by extensions ['ignore', 'ignore_ament_install']
[2.168s] Level 1:colcon.colcon_core.package_identification:_identify(install) by extension 'ignore'
[2.169s] Level 1:colcon.colcon_core.package_identification:_identify(install) ignored
[2.169s] Level 1:colcon.colcon_core.package_identification:_identify(log) by extensions ['ignore', 'ignore_ament_install']
[2.170s] Level 1:colcon.colcon_core.package_identification:_identify(log) by extension 'ignore'
[2.170s] Level 1:colcon.colcon_core.package_identification:_identify(log) ignored
[2.171s] Level 1:colcon.colcon_core.package_identification:_identify(nav_project) by extensions ['ignore', 'ignore_ament_install']
[2.171s] Level 1:colcon.colcon_core.package_identification:_identify(nav_project) by extension 'ignore'
[2.172s] Level 1:colcon.colcon_core.package_identification:_identify(nav_project) by extension 'ignore_ament_install'
[2.172s] Level 1:colcon.colcon_core.package_identification:_identify(nav_project) by extensions ['colcon_pkg']
[2.172s] Level 1:colcon.colcon_core.package_identification:_identify(nav_project) by extension 'colcon_pkg'
[2.172s] Level 1:colcon.colcon_core.package_identification:_identify(nav_project) by extensions ['colcon_meta']
[2.172s] Level 1:colcon.colcon_core.package_identification:_identify(nav_project) by extension 'colcon_meta'
[2.173s] Level 1:colcon.colcon_core.package_identification:_identify(nav_project) by extensions ['ros']
[2.173s] Level 1:colcon.colcon_core.package_identification:_identify(nav_project) by extension 'ros'
[2.191s] DEBUG:colcon.colcon_core.package_identification:Package 'nav_project' with type 'ros.ament_python' and name 'nav_project'
[2.192s] Level 1:colcon.colcon_core.package_discovery:discover_packages(recursive) using defaults
[2.192s] Level 1:colcon.colcon_core.package_discovery:discover_packages(ignore) discover
[2.192s] Level 1:colcon.colcon_core.package_discovery:discover_packages(ignore) using defaults
[2.192s] Level 1:colcon.colcon_core.package_discovery:discover_packages(path) discover
[2.193s] Level 1:colcon.colcon_core.package_discovery:discover_packages(path) using defaults
[2.305s] Level 1:colcon.colcon_core.package_discovery:discover_packages(prefix_path) check parameters
[2.305s] Level 1:colcon.colcon_core.package_discovery:discover_packages(prefix_path) discover
[2.332s] DEBUG:colcon.colcon_installed_package_information.package_discovery:Found 319 installed packages in /opt/ros/humble
[2.344s] Level 1:colcon.colcon_core.package_discovery:discover_packages(prefix_path) using defaults
[2.579s] Level 5:colcon.colcon_core.verb:set package 'nav_project' build argument 'cmake_args' from command line to 'None'
[2.579s] Level 5:colcon.colcon_core.verb:set package 'nav_project' build argument 'cmake_target' from command line to 'None'
[2.579s] Level 5:colcon.colcon_core.verb:set package 'nav_project' build argument 'cmake_target_skip_unavailable' from command line to 'False'
[2.579s] Level 5:colcon.colcon_core.verb:set package 'nav_project' build argument 'cmake_clean_cache' from command line to 'False'
[2.580s] Level 5:colcon.colcon_core.verb:set package 'nav_project' build argument 'cmake_clean_first' from command line to 'False'
[2.580s] Level 5:colcon.colcon_core.verb:set package 'nav_project' build argument 'cmake_force_configure' from command line to 'False'
[2.580s] Level 5:colcon.colcon_core.verb:set package 'nav_project' build argument 'ament_cmake_args' from command line to 'None'
[2.580s] Level 5:colcon.colcon_core.verb:set package 'nav_project' build argument 'catkin_cmake_args' from command line to 'None'
[2.580s] Level 5:colcon.colcon_core.verb:set package 'nav_project' build argument 'catkin_skip_building_tests' from command line to 'False'
[2.580s] DEBUG:colcon.colcon_core.verb:Building package 'nav_project' with the following arguments: {'ament_cmake_args': None, 'build_base': '/home/ubuntu/iMax_ws/build/nav_project', 'catkin_cmake_args': None, 'catkin_skip_building_tests': False, 'cmake_args': None, 'cmake_clean_cache': False, 'cmake_clean_first': False, 'cmake_force_configure': False, 'cmake_target': None, 'cmake_target_skip_unavailable': False, 'install_base': '/home/ubuntu/iMax_ws/install/nav_project', 'merge_install': False, 'path': '/home/ubuntu/iMax_ws/nav_project', 'symlink_install': False, 'test_result_base': None}
[2.581s] INFO:colcon.colcon_core.executor:Executing jobs using 'parallel' executor
[2.585s] DEBUG:colcon.colcon_parallel_executor.executor.parallel:run_until_complete
[2.586s] INFO:colcon.colcon_ros.task.ament_python.build:Building ROS package in '/home/ubuntu/iMax_ws/nav_project' with build type 'ament_python'
[2.587s] Level 1:colcon.colcon_core.shell:create_environment_hook('nav_project', 'ament_prefix_path')
[2.608s] INFO:colcon.colcon_core.plugin_system:Skipping extension 'colcon_core.shell.bat': Not used on non-Windows systems
[2.609s] INFO:colcon.colcon_core.shell:Creating environment hook '/home/ubuntu/iMax_ws/install/nav_project/share/nav_project/hook/ament_prefix_path.ps1'
[2.615s] INFO:colcon.colcon_core.shell:Creating environment descriptor '/home/ubuntu/iMax_ws/install/nav_project/share/nav_project/hook/ament_prefix_path.dsv'
[2.618s] INFO:colcon.colcon_core.shell:Creating environment hook '/home/ubuntu/iMax_ws/install/nav_project/share/nav_project/hook/ament_prefix_path.sh'
[2.623s] INFO:colcon.colcon_core.shell:Skip shell extension 'powershell' for command environment: Not usable outside of PowerShell
[2.623s] DEBUG:colcon.colcon_core.shell:Skip shell extension 'dsv' for command environment
[3.868s] INFO:colcon.colcon_core.task.python.build:Building Python package in '/home/ubuntu/iMax_ws/nav_project'
[3.869s] INFO:colcon.colcon_core.shell:Skip shell extension 'powershell' for command environment: Not usable outside of PowerShell
[3.869s] DEBUG:colcon.colcon_core.shell:Skip shell extension 'dsv' for command environment
[6.171s] DEBUG:colcon.colcon_core.event_handler.log_command:Invoking command in '/home/ubuntu/iMax_ws/nav_project': PYTHONPATH=/home/ubuntu/iMax_ws/build/nav_project/prefix_override:/home/ubuntu/iMax_ws/install/nav_project/lib/python3.10/site-packages:${PYTHONPATH} /usr/bin/python3 -W ignore:setup.py install is deprecated setup.py egg_info --egg-base ../build/nav_project build --build-base /home/ubuntu/iMax_ws/build/nav_project/build install --record /home/ubuntu/iMax_ws/build/nav_project/install.log --single-version-externally-managed install_data
[7.596s] DEBUG:colcon.colcon_core.event_handler.log_command:Invoked command in '/home/ubuntu/iMax_ws/nav_project' returned '0': PYTHONPATH=/home/ubuntu/iMax_ws/build/nav_project/prefix_override:/home/ubuntu/iMax_ws/install/nav_project/lib/python3.10/site-packages:${PYTHONPATH} /usr/bin/python3 -W ignore:setup.py install is deprecated setup.py egg_info --egg-base ../build/nav_project build --build-base /home/ubuntu/iMax_ws/build/nav_project/build install --record /home/ubuntu/iMax_ws/build/nav_project/install.log --single-version-externally-managed install_data
[7.624s] Level 1:colcon.colcon_core.environment:checking '/home/ubuntu/iMax_ws/install/nav_project' for CMake module files
[7.629s] Level 1:colcon.colcon_core.environment:checking '/home/ubuntu/iMax_ws/install/nav_project' for CMake config files
[7.634s] Level 1:colcon.colcon_core.environment:checking '/home/ubuntu/iMax_ws/install/nav_project/lib'
[7.636s] Level 1:colcon.colcon_core.environment:checking '/home/ubuntu/iMax_ws/install/nav_project/bin'
[7.636s] Level 1:colcon.colcon_core.environment:checking '/home/ubuntu/iMax_ws/install/nav_project/lib/pkgconfig/nav_project.pc'
[7.638s] Level 1:colcon.colcon_core.environment:checking '/home/ubuntu/iMax_ws/install/nav_project/lib/python3.10/site-packages'
[7.638s] Level 1:colcon.colcon_core.shell:create_environment_hook('nav_project', 'pythonpath')
[7.639s] INFO:colcon.colcon_core.shell:Creating environment hook '/home/ubuntu/iMax_ws/install/nav_project/share/nav_project/hook/pythonpath.ps1'
[7.641s] INFO:colcon.colcon_core.shell:Creating environment descriptor '/home/ubuntu/iMax_ws/install/nav_project/share/nav_project/hook/pythonpath.dsv'
[7.643s] INFO:colcon.colcon_core.shell:Creating environment hook '/home/ubuntu/iMax_ws/install/nav_project/share/nav_project/hook/pythonpath.sh'
[7.645s] Level 1:colcon.colcon_core.environment:checking '/home/ubuntu/iMax_ws/install/nav_project/bin'
[7.646s] Level 1:colcon.colcon_core.environment:create_environment_scripts_only(nav_project)
[7.647s] INFO:colcon.colcon_core.shell:Creating package script '/home/ubuntu/iMax_ws/install/nav_project/share/nav_project/package.ps1'
[7.652s] INFO:colcon.colcon_core.shell:Creating package descriptor '/home/ubuntu/iMax_ws/install/nav_project/share/nav_project/package.dsv'
[7.655s] INFO:colcon.colcon_core.shell:Creating package script '/home/ubuntu/iMax_ws/install/nav_project/share/nav_project/package.sh'
[7.660s] INFO:colcon.colcon_core.shell:Creating package script '/home/ubuntu/iMax_ws/install/nav_project/share/nav_project/package.bash'
[7.664s] INFO:colcon.colcon_core.shell:Creating package script '/home/ubuntu/iMax_ws/install/nav_project/share/nav_project/package.zsh'
[7.670s] Level 1:colcon.colcon_core.environment:create_file_with_runtime_dependencies(/home/ubuntu/iMax_ws/install/nav_project/share/colcon-core/packages/nav_project)
[7.672s] DEBUG:colcon.colcon_parallel_executor.executor.parallel:closing loop
[7.674s] DEBUG:colcon.colcon_parallel_executor.executor.parallel:loop closed
[7.674s] DEBUG:colcon.colcon_parallel_executor.executor.parallel:run_until_complete finished with '0'
[7.675s] DEBUG:colcon.colcon_core.event_reactor:joining thread
[7.705s] INFO:colcon.colcon_core.plugin_system:Skipping extension 'colcon_notification.desktop_notification.notify_send': Could not find 'notify-send'
[7.706s] INFO:colcon.colcon_core.plugin_system:Skipping extension 'colcon_notification.desktop_notification.terminal_notifier': Not used on non-Darwin systems
[7.706s] INFO:colcon.colcon_core.plugin_system:Skipping extension 'colcon_notification.desktop_notification.win32': Not used on non-Windows systems
[7.706s] INFO:colcon.colcon_notification.desktop_notification:Sending desktop notification using 'notify2'
[7.709s] DEBUG:colcon.colcon_notification.desktop_notification.notify2:Failed to initialize notify2: org.freedesktop.DBus.Error.ServiceUnknown: The name org.freedesktop.Notifications was not provided by any .service files
[7.710s] DEBUG:colcon.colcon_core.event_reactor:joined thread
[7.711s] INFO:colcon.colcon_core.shell:Creating prefix script '/home/ubuntu/iMax_ws/install/local_setup.ps1'
[7.716s] INFO:colcon.colcon_core.shell:Creating prefix util module '/home/ubuntu/iMax_ws/install/_local_setup_util_ps1.py'
[7.723s] INFO:colcon.colcon_core.shell:Creating prefix chain script '/home/ubuntu/iMax_ws/install/setup.ps1'
[7.729s] INFO:colcon.colcon_core.shell:Creating prefix script '/home/ubuntu/iMax_ws/install/local_setup.sh'
[7.733s] INFO:colcon.colcon_core.shell:Creating prefix util module '/home/ubuntu/iMax_ws/install/_local_setup_util_sh.py'
[7.736s] INFO:colcon.colcon_core.shell:Creating prefix chain script '/home/ubuntu/iMax_ws/install/setup.sh'
[7.741s] INFO:colcon.colcon_core.shell:Creating prefix script '/home/ubuntu/iMax_ws/install/local_setup.bash'
[7.745s] INFO:colcon.colcon_core.shell:Creating prefix chain script '/home/ubuntu/iMax_ws/install/setup.bash'
[7.750s] INFO:colcon.colcon_core.shell:Creating prefix script '/home/ubuntu/iMax_ws/install/local_setup.zsh'
[7.753s] INFO:colcon.colcon_core.shell:Creating prefix chain script '/home/ubuntu/iMax_ws/install/setup.zsh'
