[3.572s] Invoking command in '/home/ubuntu/iMax_ws/nav_project': PYTHONPATH=/home/ubuntu/iMax_ws/build/nav_project/prefix_override:/home/ubuntu/iMax_ws/install/nav_project/lib/python3.10/site-packages:${PYTHONPATH} /usr/bin/python3 -W ignore:setup.py install is deprecated setup.py egg_info --egg-base ../build/nav_project build --build-base /home/ubuntu/iMax_ws/build/nav_project/build install --record /home/ubuntu/iMax_ws/build/nav_project/install.log --single-version-externally-managed install_data
[4.715s] running egg_info
[4.718s] writing ../build/nav_project/nav_project.egg-info/PKG-INFO
[4.720s] writing dependency_links to ../build/nav_project/nav_project.egg-info/dependency_links.txt
[4.721s] writing entry points to ../build/nav_project/nav_project.egg-info/entry_points.txt
[4.722s] writing requirements to ../build/nav_project/nav_project.egg-info/requires.txt
[4.723s] writing top-level names to ../build/nav_project/nav_project.egg-info/top_level.txt
[4.732s] reading manifest file '../build/nav_project/nav_project.egg-info/SOURCES.txt'
[4.738s] writing manifest file '../build/nav_project/nav_project.egg-info/SOURCES.txt'
[4.739s] running build
[4.740s] running build_py
[4.742s] running install
[4.743s] running install_lib
[4.750s] running install_data
[4.751s] copying launch/master.launch.py -> /home/ubuntu/iMax_ws/install/nav_project/share/nav_project
[4.752s] running install_egg_info
[4.760s] removing '/home/ubuntu/iMax_ws/install/nav_project/lib/python3.10/site-packages/nav_project-0.0.0-py3.10.egg-info' (and everything under it)
[4.766s] Copying ../build/nav_project/nav_project.egg-info to /home/ubuntu/iMax_ws/install/nav_project/lib/python3.10/site-packages/nav_project-0.0.0-py3.10.egg-info
[4.788s] running install_scripts
[4.872s] Installing nav_project_ex script to /home/ubuntu/iMax_ws/install/nav_project/lib/nav_project
[4.873s] Installing supervisor_ex script to /home/ubuntu/iMax_ws/install/nav_project/lib/nav_project
[4.876s] writing list of installed files to '/home/ubuntu/iMax_ws/build/nav_project/install.log'
[5.009s] Invoked command in '/home/ubuntu/iMax_ws/nav_project' returned '0': PYTHONPATH=/home/ubuntu/iMax_ws/build/nav_project/prefix_override:/home/ubuntu/iMax_ws/install/nav_project/lib/python3.10/site-packages:${PYTHONPATH} /usr/bin/python3 -W ignore:setup.py install is deprecated setup.py egg_info --egg-base ../build/nav_project build --build-base /home/ubuntu/iMax_ws/build/nav_project/build install --record /home/ubuntu/iMax_ws/build/nav_project/install.log --single-version-externally-managed install_data
