[0.756s] DEBUG:colcon:Command line arguments: ['/usr/bin/colcon', 'build']
[0.756s] DEBUG:colcon:Parsed command line arguments: Namespace(log_base=None, log_level=None, verb_name='build', build_base='build', install_base='install', merge_install=False, symlink_install=False, test_result_base=None, continue_on_error=False, executor='parallel', parallel_workers=4, event_handlers=None, ignore_user_meta=False, metas=['./colcon.meta'], base_paths=['.'], packages_ignore=None, packages_ignore_regex=None, paths=None, packages_up_to=None, packages_up_to_regex=None, packages_above=None, packages_above_and_dependencies=None, packages_above_depth=None, packages_select_by_dep=None, packages_skip_by_dep=None, packages_skip_up_to=None, packages_select_build_failed=False, packages_skip_build_finished=False, packages_select_test_failures=False, packages_skip_test_passed=False, packages_select=None, packages_skip=None, packages_select_regex=None, packages_skip_regex=None, packages_start=None, packages_end=None, allow_overriding=[], cmake_args=None, cmake_target=None, cmake_target_skip_unavailable=False, cmake_clean_cache=False, cmake_clean_first=False, cmake_force_configure=False, ament_cmake_args=None, catkin_cmake_args=None, catkin_skip_building_tests=False, mixin_files=None, mixin=None, verb_parser=<colcon_mixin.mixin.mixin_argument.MixinArgumentDecorator object at 0xffffb9460f10>, verb_extension=<colcon_core.verb.build.BuildVerb object at 0xffffb9460940>, main=<bound method BuildVerb.main of <colcon_core.verb.build.BuildVerb object at 0xffffb9460940>>, mixin_verb=('build',))
[2.042s] Level 1:colcon.colcon_core.package_discovery:discover_packages(colcon_meta) check parameters
[2.043s] Level 1:colcon.colcon_core.package_discovery:discover_packages(recursive) check parameters
[2.043s] Level 1:colcon.colcon_core.package_discovery:discover_packages(ignore) check parameters
[2.043s] Level 1:colcon.colcon_core.package_discovery:discover_packages(path) check parameters
[2.044s] Level 1:colcon.colcon_core.package_discovery:discover_packages(colcon_meta) discover
[2.044s] Level 1:colcon.colcon_core.package_discovery:discover_packages(recursive) discover
[2.044s] INFO:colcon.colcon_core.package_discovery:Crawling recursively for packages in '/home/ubuntu/iMax_ws'
[2.045s] Level 1:colcon.colcon_core.package_identification:_identify(.) by extensions ['ignore', 'ignore_ament_install']
[2.045s] Level 1:colcon.colcon_core.package_identification:_identify(.) by extension 'ignore'
[2.045s] Level 1:colcon.colcon_core.package_identification:_identify(.) by extension 'ignore_ament_install'
[2.046s] Level 1:colcon.colcon_core.package_identification:_identify(.) by extensions ['colcon_pkg']
[2.046s] Level 1:colcon.colcon_core.package_identification:_identify(.) by extension 'colcon_pkg'
[2.046s] Level 1:colcon.colcon_core.package_identification:_identify(.) by extensions ['colcon_meta']
[2.047s] Level 1:colcon.colcon_core.package_identification:_identify(.) by extension 'colcon_meta'
[2.047s] Level 1:colcon.colcon_core.package_identification:_identify(.) by extensions ['ros']
[2.047s] Level 1:colcon.colcon_core.package_identification:_identify(.) by extension 'ros'
[2.120s] Level 1:colcon.colcon_core.package_identification:_identify(.) by extensions ['cmake', 'python']
[2.121s] Level 1:colcon.colcon_core.package_identification:_identify(.) by extension 'cmake'
[2.122s] Level 1:colcon.colcon_core.package_identification:_identify(.) by extension 'python'
[2.122s] Level 1:colcon.colcon_core.package_identification:_identify(.) by extensions ['python_setup_py']
[2.123s] Level 1:colcon.colcon_core.package_identification:_identify(.) by extension 'python_setup_py'
[2.123s] Level 1:colcon.colcon_core.package_identification:_identify(build) by extensions ['ignore', 'ignore_ament_install']
[2.124s] Level 1:colcon.colcon_core.package_identification:_identify(build) by extension 'ignore'
[2.124s] Level 1:colcon.colcon_core.package_identification:_identify(build) ignored
[2.125s] Level 1:colcon.colcon_core.package_identification:_identify(install) by extensions ['ignore', 'ignore_ament_install']
[2.125s] Level 1:colcon.colcon_core.package_identification:_identify(install) by extension 'ignore'
[2.125s] Level 1:colcon.colcon_core.package_identification:_identify(install) ignored
[2.126s] Level 1:colcon.colcon_core.package_identification:_identify(log) by extensions ['ignore', 'ignore_ament_install']
[2.126s] Level 1:colcon.colcon_core.package_identification:_identify(log) by extension 'ignore'
[2.127s] Level 1:colcon.colcon_core.package_identification:_identify(log) ignored
[2.127s] Level 1:colcon.colcon_core.package_identification:_identify(nav_project) by extensions ['ignore', 'ignore_ament_install']
[2.128s] Level 1:colcon.colcon_core.package_identification:_identify(nav_project) by extension 'ignore'
[2.128s] Level 1:colcon.colcon_core.package_identification:_identify(nav_project) by extension 'ignore_ament_install'
[2.129s] Level 1:colcon.colcon_core.package_identification:_identify(nav_project) by extensions ['colcon_pkg']
[2.129s] Level 1:colcon.colcon_core.package_identification:_identify(nav_project) by extension 'colcon_pkg'
[2.129s] Level 1:colcon.colcon_core.package_identification:_identify(nav_project) by extensions ['colcon_meta']
[2.129s] Level 1:colcon.colcon_core.package_identification:_identify(nav_project) by extension 'colcon_meta'
[2.130s] Level 1:colcon.colcon_core.package_identification:_identify(nav_project) by extensions ['ros']
[2.130s] Level 1:colcon.colcon_core.package_identification:_identify(nav_project) by extension 'ros'
[2.146s] DEBUG:colcon.colcon_core.package_identification:Package 'nav_project' with type 'ros.ament_python' and name 'nav_project'
[2.147s] Level 1:colcon.colcon_core.package_discovery:discover_packages(recursive) using defaults
[2.147s] Level 1:colcon.colcon_core.package_discovery:discover_packages(ignore) discover
[2.148s] Level 1:colcon.colcon_core.package_discovery:discover_packages(ignore) using defaults
[2.148s] Level 1:colcon.colcon_core.package_discovery:discover_packages(path) discover
[2.148s] Level 1:colcon.colcon_core.package_discovery:discover_packages(path) using defaults
[2.261s] Level 1:colcon.colcon_core.package_discovery:discover_packages(prefix_path) check parameters
[2.261s] Level 1:colcon.colcon_core.package_discovery:discover_packages(prefix_path) discover
[2.280s] DEBUG:colcon.colcon_installed_package_information.package_discovery:Found 1 installed packages in /home/ubuntu/iMax_ws/install
[2.292s] DEBUG:colcon.colcon_installed_package_information.package_discovery:Found 319 installed packages in /opt/ros/humble
[2.304s] Level 1:colcon.colcon_core.package_discovery:discover_packages(prefix_path) using defaults
[2.542s] Level 5:colcon.colcon_core.verb:set package 'nav_project' build argument 'cmake_args' from command line to 'None'
[2.542s] Level 5:colcon.colcon_core.verb:set package 'nav_project' build argument 'cmake_target' from command line to 'None'
[2.542s] Level 5:colcon.colcon_core.verb:set package 'nav_project' build argument 'cmake_target_skip_unavailable' from command line to 'False'
[2.542s] Level 5:colcon.colcon_core.verb:set package 'nav_project' build argument 'cmake_clean_cache' from command line to 'False'
[2.542s] Level 5:colcon.colcon_core.verb:set package 'nav_project' build argument 'cmake_clean_first' from command line to 'False'
[2.543s] Level 5:colcon.colcon_core.verb:set package 'nav_project' build argument 'cmake_force_configure' from command line to 'False'
[2.543s] Level 5:colcon.colcon_core.verb:set package 'nav_project' build argument 'ament_cmake_args' from command line to 'None'
[2.543s] Level 5:colcon.colcon_core.verb:set package 'nav_project' build argument 'catkin_cmake_args' from command line to 'None'
[2.543s] Level 5:colcon.colcon_core.verb:set package 'nav_project' build argument 'catkin_skip_building_tests' from command line to 'False'
[2.543s] DEBUG:colcon.colcon_core.verb:Building package 'nav_project' with the following arguments: {'ament_cmake_args': None, 'build_base': '/home/ubuntu/iMax_ws/build/nav_project', 'catkin_cmake_args': None, 'catkin_skip_building_tests': False, 'cmake_args': None, 'cmake_clean_cache': False, 'cmake_clean_first': False, 'cmake_force_configure': False, 'cmake_target': None, 'cmake_target_skip_unavailable': False, 'install_base': '/home/ubuntu/iMax_ws/install/nav_project', 'merge_install': False, 'path': '/home/ubuntu/iMax_ws/nav_project', 'symlink_install': False, 'test_result_base': None}
[2.544s] INFO:colcon.colcon_core.executor:Executing jobs using 'parallel' executor
[2.547s] DEBUG:colcon.colcon_parallel_executor.executor.parallel:run_until_complete
[2.548s] INFO:colcon.colcon_ros.task.ament_python.build:Building ROS package in '/home/ubuntu/iMax_ws/nav_project' with build type 'ament_python'
[2.549s] Level 1:colcon.colcon_core.shell:create_environment_hook('nav_project', 'ament_prefix_path')
[2.573s] INFO:colcon.colcon_core.plugin_system:Skipping extension 'colcon_core.shell.bat': Not used on non-Windows systems
[2.574s] INFO:colcon.colcon_core.shell:Creating environment hook '/home/ubuntu/iMax_ws/install/nav_project/share/nav_project/hook/ament_prefix_path.ps1'
[2.579s] INFO:colcon.colcon_core.shell:Creating environment descriptor '/home/ubuntu/iMax_ws/install/nav_project/share/nav_project/hook/ament_prefix_path.dsv'
[2.582s] INFO:colcon.colcon_core.shell:Creating environment hook '/home/ubuntu/iMax_ws/install/nav_project/share/nav_project/hook/ament_prefix_path.sh'
[2.588s] INFO:colcon.colcon_core.shell:Skip shell extension 'powershell' for command environment: Not usable outside of PowerShell
[2.588s] DEBUG:colcon.colcon_core.shell:Skip shell extension 'dsv' for command environment
[3.894s] INFO:colcon.colcon_core.task.python.build:Building Python package in '/home/ubuntu/iMax_ws/nav_project'
[3.896s] INFO:colcon.colcon_core.shell:Skip shell extension 'powershell' for command environment: Not usable outside of PowerShell
[3.896s] DEBUG:colcon.colcon_core.shell:Skip shell extension 'dsv' for command environment
[6.125s] DEBUG:colcon.colcon_core.event_handler.log_command:Invoking command in '/home/ubuntu/iMax_ws/nav_project': PYTHONPATH=/home/ubuntu/iMax_ws/build/nav_project/prefix_override:/home/ubuntu/iMax_ws/install/nav_project/lib/python3.10/site-packages:${PYTHONPATH} /usr/bin/python3 -W ignore:setup.py install is deprecated setup.py egg_info --egg-base ../build/nav_project build --build-base /home/ubuntu/iMax_ws/build/nav_project/build install --record /home/ubuntu/iMax_ws/build/nav_project/install.log --single-version-externally-managed install_data
[7.560s] DEBUG:colcon.colcon_core.event_handler.log_command:Invoked command in '/home/ubuntu/iMax_ws/nav_project' returned '0': PYTHONPATH=/home/ubuntu/iMax_ws/build/nav_project/prefix_override:/home/ubuntu/iMax_ws/install/nav_project/lib/python3.10/site-packages:${PYTHONPATH} /usr/bin/python3 -W ignore:setup.py install is deprecated setup.py egg_info --egg-base ../build/nav_project build --build-base /home/ubuntu/iMax_ws/build/nav_project/build install --record /home/ubuntu/iMax_ws/build/nav_project/install.log --single-version-externally-managed install_data
[7.584s] Level 1:colcon.colcon_core.environment:checking '/home/ubuntu/iMax_ws/install/nav_project' for CMake module files
[7.588s] Level 1:colcon.colcon_core.environment:checking '/home/ubuntu/iMax_ws/install/nav_project' for CMake config files
[7.594s] Level 1:colcon.colcon_core.environment:checking '/home/ubuntu/iMax_ws/install/nav_project/lib'
[7.595s] Level 1:colcon.colcon_core.environment:checking '/home/ubuntu/iMax_ws/install/nav_project/bin'
[7.595s] Level 1:colcon.colcon_core.environment:checking '/home/ubuntu/iMax_ws/install/nav_project/lib/pkgconfig/nav_project.pc'
[7.596s] Level 1:colcon.colcon_core.environment:checking '/home/ubuntu/iMax_ws/install/nav_project/lib/python3.10/site-packages'
[7.597s] Level 1:colcon.colcon_core.shell:create_environment_hook('nav_project', 'pythonpath')
[7.598s] INFO:colcon.colcon_core.shell:Creating environment hook '/home/ubuntu/iMax_ws/install/nav_project/share/nav_project/hook/pythonpath.ps1'
[7.600s] INFO:colcon.colcon_core.shell:Creating environment descriptor '/home/ubuntu/iMax_ws/install/nav_project/share/nav_project/hook/pythonpath.dsv'
[7.602s] INFO:colcon.colcon_core.shell:Creating environment hook '/home/ubuntu/iMax_ws/install/nav_project/share/nav_project/hook/pythonpath.sh'
[7.605s] Level 1:colcon.colcon_core.environment:checking '/home/ubuntu/iMax_ws/install/nav_project/bin'
[7.605s] Level 1:colcon.colcon_core.environment:create_environment_scripts_only(nav_project)
[7.606s] INFO:colcon.colcon_core.shell:Creating package script '/home/ubuntu/iMax_ws/install/nav_project/share/nav_project/package.ps1'
[7.611s] INFO:colcon.colcon_core.shell:Creating package descriptor '/home/ubuntu/iMax_ws/install/nav_project/share/nav_project/package.dsv'
[7.615s] INFO:colcon.colcon_core.shell:Creating package script '/home/ubuntu/iMax_ws/install/nav_project/share/nav_project/package.sh'
[7.620s] INFO:colcon.colcon_core.shell:Creating package script '/home/ubuntu/iMax_ws/install/nav_project/share/nav_project/package.bash'
[7.625s] INFO:colcon.colcon_core.shell:Creating package script '/home/ubuntu/iMax_ws/install/nav_project/share/nav_project/package.zsh'
[7.630s] Level 1:colcon.colcon_core.environment:create_file_with_runtime_dependencies(/home/ubuntu/iMax_ws/install/nav_project/share/colcon-core/packages/nav_project)
[7.631s] DEBUG:colcon.colcon_parallel_executor.executor.parallel:closing loop
[7.633s] DEBUG:colcon.colcon_parallel_executor.executor.parallel:loop closed
[7.633s] DEBUG:colcon.colcon_parallel_executor.executor.parallel:run_until_complete finished with '0'
[7.634s] DEBUG:colcon.colcon_core.event_reactor:joining thread
[7.664s] INFO:colcon.colcon_core.plugin_system:Skipping extension 'colcon_notification.desktop_notification.notify_send': Could not find 'notify-send'
[7.664s] INFO:colcon.colcon_core.plugin_system:Skipping extension 'colcon_notification.desktop_notification.terminal_notifier': Not used on non-Darwin systems
[7.665s] INFO:colcon.colcon_core.plugin_system:Skipping extension 'colcon_notification.desktop_notification.win32': Not used on non-Windows systems
[7.666s] INFO:colcon.colcon_notification.desktop_notification:Sending desktop notification using 'notify2'
[7.670s] DEBUG:colcon.colcon_notification.desktop_notification.notify2:Failed to initialize notify2: org.freedesktop.DBus.Error.ServiceUnknown: The name org.freedesktop.Notifications was not provided by any .service files
[7.670s] DEBUG:colcon.colcon_core.event_reactor:joined thread
[7.672s] INFO:colcon.colcon_core.shell:Creating prefix script '/home/ubuntu/iMax_ws/install/local_setup.ps1'
[7.677s] INFO:colcon.colcon_core.shell:Creating prefix util module '/home/ubuntu/iMax_ws/install/_local_setup_util_ps1.py'
[7.685s] INFO:colcon.colcon_core.shell:Creating prefix chain script '/home/ubuntu/iMax_ws/install/setup.ps1'
[7.691s] INFO:colcon.colcon_core.shell:Creating prefix script '/home/ubuntu/iMax_ws/install/local_setup.sh'
[7.695s] INFO:colcon.colcon_core.shell:Creating prefix util module '/home/ubuntu/iMax_ws/install/_local_setup_util_sh.py'
[7.698s] INFO:colcon.colcon_core.shell:Creating prefix chain script '/home/ubuntu/iMax_ws/install/setup.sh'
[7.704s] INFO:colcon.colcon_core.shell:Creating prefix script '/home/ubuntu/iMax_ws/install/local_setup.bash'
[7.708s] INFO:colcon.colcon_core.shell:Creating prefix chain script '/home/ubuntu/iMax_ws/install/setup.bash'
[7.713s] INFO:colcon.colcon_core.shell:Creating prefix script '/home/ubuntu/iMax_ws/install/local_setup.zsh'
[7.717s] INFO:colcon.colcon_core.shell:Creating prefix chain script '/home/ubuntu/iMax_ws/install/setup.zsh'
