[3.778s] Invoking command in '/home/ubuntu/iMax_ws/nav_project': PYTHONPATH=/home/ubuntu/iMax_ws/build/nav_project/prefix_override:/home/ubuntu/iMax_ws/install/nav_project/lib/python3.10/site-packages:${PYTHONPATH} /usr/bin/python3 -W ignore:setup.py install is deprecated setup.py egg_info --egg-base ../build/nav_project build --build-base /home/ubuntu/iMax_ws/build/nav_project/build install --record /home/ubuntu/iMax_ws/build/nav_project/install.log --single-version-externally-managed install_data
[4.983s] running egg_info
[4.986s] writing ../build/nav_project/nav_project.egg-info/PKG-INFO
[4.988s] writing dependency_links to ../build/nav_project/nav_project.egg-info/dependency_links.txt
[4.988s] writing entry points to ../build/nav_project/nav_project.egg-info/entry_points.txt
[4.989s] writing requirements to ../build/nav_project/nav_project.egg-info/requires.txt
[4.990s] writing top-level names to ../build/nav_project/nav_project.egg-info/top_level.txt
[5.001s] reading manifest file '../build/nav_project/nav_project.egg-info/SOURCES.txt'
[5.007s] writing manifest file '../build/nav_project/nav_project.egg-info/SOURCES.txt'
[5.009s] running build
[5.009s] running build_py
[5.009s] copying nav_project/nav_project_nav_code.py -> /home/ubuntu/iMax_ws/build/nav_project/build/lib/nav_project
[5.011s] running install
[5.013s] running install_lib
[5.017s] copying /home/ubuntu/iMax_ws/build/nav_project/build/lib/nav_project/nav_project_nav_code.py -> /home/ubuntu/iMax_ws/install/nav_project/lib/python3.10/site-packages/nav_project
[5.020s] byte-compiling /home/ubuntu/iMax_ws/install/nav_project/lib/python3.10/site-packages/nav_project/nav_project_nav_code.py to nav_project_nav_code.cpython-310.pyc
[5.029s] running install_data
[5.031s] running install_egg_info
[5.040s] removing '/home/ubuntu/iMax_ws/install/nav_project/lib/python3.10/site-packages/nav_project-0.0.0-py3.10.egg-info' (and everything under it)
[5.042s] Copying ../build/nav_project/nav_project.egg-info to /home/ubuntu/iMax_ws/install/nav_project/lib/python3.10/site-packages/nav_project-0.0.0-py3.10.egg-info
[5.051s] running install_scripts
[5.140s] Installing nav_project_ex script to /home/ubuntu/iMax_ws/install/nav_project/lib/nav_project
[5.141s] Installing supervisor_ex script to /home/ubuntu/iMax_ws/install/nav_project/lib/nav_project
[5.143s] writing list of installed files to '/home/ubuntu/iMax_ws/build/nav_project/install.log'
[5.283s] Invoked command in '/home/ubuntu/iMax_ws/nav_project' returned '0': PYTHONPATH=/home/ubuntu/iMax_ws/build/nav_project/prefix_override:/home/ubuntu/iMax_ws/install/nav_project/lib/python3.10/site-packages:${PYTHONPATH} /usr/bin/python3 -W ignore:setup.py install is deprecated setup.py egg_info --egg-base ../build/nav_project build --build-base /home/ubuntu/iMax_ws/build/nav_project/build install --record /home/ubuntu/iMax_ws/build/nav_project/install.log --single-version-externally-managed install_data
