/home/ubuntu/iMax_ws/install/nav_project/lib/python3.10/site-packages/nav_project/nav_16102.py
/home/ubuntu/iMax_ws/install/nav_project/lib/python3.10/site-packages/nav_project/nav_project_nav_code.py
/home/ubuntu/iMax_ws/install/nav_project/lib/python3.10/site-packages/nav_project/supervisor.py
/home/ubuntu/iMax_ws/install/nav_project/lib/python3.10/site-packages/nav_project/__init__.py
/home/ubuntu/iMax_ws/install/nav_project/lib/python3.10/site-packages/nav_project/Power_Saver.py
/home/ubuntu/iMax_ws/install/nav_project/lib/python3.10/site-packages/nav_project/__pycache__/nav_16102.cpython-310.pyc
/home/ubuntu/iMax_ws/install/nav_project/lib/python3.10/site-packages/nav_project/__pycache__/nav_project_nav_code.cpython-310.pyc
/home/ubuntu/iMax_ws/install/nav_project/lib/python3.10/site-packages/nav_project/__pycache__/supervisor.cpython-310.pyc
/home/ubuntu/iMax_ws/install/nav_project/lib/python3.10/site-packages/nav_project/__pycache__/__init__.cpython-310.pyc
/home/ubuntu/iMax_ws/install/nav_project/lib/python3.10/site-packages/nav_project/__pycache__/Power_Saver.cpython-310.pyc
/home/ubuntu/iMax_ws/install/nav_project/share/ament_index/resource_index/packages/nav_project
/home/ubuntu/iMax_ws/install/nav_project/share/nav_project/package.xml
/home/ubuntu/iMax_ws/install/nav_project/share/nav_project/master.launch.py
/home/ubuntu/iMax_ws/install/nav_project/share/nav_project/nav_project.launch.py
/home/ubuntu/iMax_ws/install/nav_project/share/nav_project/nav_localization.launch.py
/home/ubuntu/iMax_ws/install/nav_project/share/nav_project/supervisor.launch.py
/home/ubuntu/iMax_ws/install/nav_project/share/nav_project/config/nav2.yaml
/home/ubuntu/iMax_ws/install/nav_project/lib/python3.10/site-packages/nav_project-0.0.0-py3.10.egg-info/requires.txt
/home/ubuntu/iMax_ws/install/nav_project/lib/python3.10/site-packages/nav_project-0.0.0-py3.10.egg-info/dependency_links.txt
/home/ubuntu/iMax_ws/install/nav_project/lib/python3.10/site-packages/nav_project-0.0.0-py3.10.egg-info/zip-safe
/home/ubuntu/iMax_ws/install/nav_project/lib/python3.10/site-packages/nav_project-0.0.0-py3.10.egg-info/top_level.txt
/home/ubuntu/iMax_ws/install/nav_project/lib/python3.10/site-packages/nav_project-0.0.0-py3.10.egg-info/entry_points.txt
/home/ubuntu/iMax_ws/install/nav_project/lib/python3.10/site-packages/nav_project-0.0.0-py3.10.egg-info/SOURCES.txt
/home/ubuntu/iMax_ws/install/nav_project/lib/python3.10/site-packages/nav_project-0.0.0-py3.10.egg-info/PKG-INFO
/home/ubuntu/iMax_ws/install/nav_project/lib/nav_project/nav_project_ex
/home/ubuntu/iMax_ws/install/nav_project/lib/nav_project/supervisor_ex
