[3.607s] Invoking command in '/home/ubuntu/iMax_ws/nav_project': PYTHONPATH=/home/ubuntu/iMax_ws/build/nav_project/prefix_override:/home/ubuntu/iMax_ws/install/nav_project/lib/python3.10/site-packages:${PYTHONPATH} /usr/bin/python3 -W ignore:setup.py install is deprecated setup.py egg_info --egg-base ../build/nav_project build --build-base /home/ubuntu/iMax_ws/build/nav_project/build install --record /home/ubuntu/iMax_ws/build/nav_project/install.log --single-version-externally-managed install_data
[4.740s] running egg_info
[4.744s] writing ../build/nav_project/nav_project.egg-info/PKG-INFO
[4.745s] writing dependency_links to ../build/nav_project/nav_project.egg-info/dependency_links.txt
[4.747s] writing entry points to ../build/nav_project/nav_project.egg-info/entry_points.txt
[4.748s] writing requirements to ../build/nav_project/nav_project.egg-info/requires.txt
[4.749s] writing top-level names to ../build/nav_project/nav_project.egg-info/top_level.txt
[4.758s] reading manifest file '../build/nav_project/nav_project.egg-info/SOURCES.txt'
[4.763s] writing manifest file '../build/nav_project/nav_project.egg-info/SOURCES.txt'
[4.764s] running build
[4.764s] running build_py
[4.765s] copying nav_project/nav_project_nav_code.py -> /home/ubuntu/iMax_ws/build/nav_project/build/lib/nav_project
[4.768s] running install
[4.769s] running install_lib
[4.773s] copying /home/ubuntu/iMax_ws/build/nav_project/build/lib/nav_project/nav_project_nav_code.py -> /home/ubuntu/iMax_ws/install/nav_project/lib/python3.10/site-packages/nav_project
[4.779s] byte-compiling /home/ubuntu/iMax_ws/install/nav_project/lib/python3.10/site-packages/nav_project/nav_project_nav_code.py to nav_project_nav_code.cpython-310.pyc
[4.781s]   File "/home/ubuntu/iMax_ws/install/nav_project/lib/python3.10/site-packages/nav_project/nav_project_nav_code.py", line 85
[4.782s]     self.set_initial_pose(0.115 0.033, math.degrees(-0.100))
[4.782s]                           ^^^^^^^^^^^
[4.782s] SyntaxError: invalid syntax. Perhaps you forgot a comma?
[4.783s] 
[4.784s] running install_data
[4.784s] running install_egg_info
[4.791s] removing '/home/ubuntu/iMax_ws/install/nav_project/lib/python3.10/site-packages/nav_project-0.0.0-py3.10.egg-info' (and everything under it)
[4.793s] Copying ../build/nav_project/nav_project.egg-info to /home/ubuntu/iMax_ws/install/nav_project/lib/python3.10/site-packages/nav_project-0.0.0-py3.10.egg-info
[4.800s] running install_scripts
[4.885s] Installing nav_project_ex script to /home/ubuntu/iMax_ws/install/nav_project/lib/nav_project
[4.885s] Installing supervisor_ex script to /home/ubuntu/iMax_ws/install/nav_project/lib/nav_project
[4.888s] writing list of installed files to '/home/ubuntu/iMax_ws/build/nav_project/install.log'
[5.017s] Invoked command in '/home/ubuntu/iMax_ws/nav_project' returned '0': PYTHONPATH=/home/ubuntu/iMax_ws/build/nav_project/prefix_override:/home/ubuntu/iMax_ws/install/nav_project/lib/python3.10/site-packages:${PYTHONPATH} /usr/bin/python3 -W ignore:setup.py install is deprecated setup.py egg_info --egg-base ../build/nav_project build --build-base /home/ubuntu/iMax_ws/build/nav_project/build install --record /home/ubuntu/iMax_ws/build/nav_project/install.log --single-version-externally-managed install_data
