[0.518s] DEBUG:colcon:Command line arguments: ['/usr/bin/colcon', 'build', '--packages-select', 'nav_project']
[0.518s] DEBUG:colcon:Parsed command line arguments: Namespace(log_base=None, log_level=None, verb_name='build', build_base='build', install_base='install', merge_install=False, symlink_install=False, test_result_base=None, continue_on_error=False, executor='parallel', parallel_workers=4, event_handlers=None, ignore_user_meta=False, metas=['./colcon.meta'], base_paths=['.'], packages_ignore=None, packages_ignore_regex=None, paths=None, packages_up_to=None, packages_up_to_regex=None, packages_above=None, packages_above_and_dependencies=None, packages_above_depth=None, packages_select_by_dep=None, packages_skip_by_dep=None, packages_skip_up_to=None, packages_select_build_failed=False, packages_skip_build_finished=False, packages_select_test_failures=False, packages_skip_test_passed=False, packages_select=['nav_project'], packages_skip=None, packages_select_regex=None, packages_skip_regex=None, packages_start=None, packages_end=None, allow_overriding=[], cmake_args=None, cmake_target=None, cmake_target_skip_unavailable=False, cmake_clean_cache=False, cmake_clean_first=False, cmake_force_configure=False, ament_cmake_args=None, catkin_cmake_args=None, catkin_skip_building_tests=False, mixin_files=None, mixin=None, verb_parser=<colcon_mixin.mixin.mixin_argument.MixinArgumentDecorator object at 0xffffa0eecf40>, verb_extension=<colcon_core.verb.build.BuildVerb object at 0xffffa0eec970>, main=<bound method BuildVerb.main of <colcon_core.verb.build.BuildVerb object at 0xffffa0eec970>>, mixin_verb=('build',))
[1.362s] Level 1:colcon.colcon_core.package_discovery:discover_packages(colcon_meta) check parameters
[1.362s] Level 1:colcon.colcon_core.package_discovery:discover_packages(recursive) check parameters
[1.363s] Level 1:colcon.colcon_core.package_discovery:discover_packages(ignore) check parameters
[1.363s] Level 1:colcon.colcon_core.package_discovery:discover_packages(path) check parameters
[1.363s] Level 1:colcon.colcon_core.package_discovery:discover_packages(colcon_meta) discover
[1.363s] Level 1:colcon.colcon_core.package_discovery:discover_packages(recursive) discover
[1.364s] INFO:colcon.colcon_core.package_discovery:Crawling recursively for packages in '/home/ubuntu/iMax_ws'
[1.364s] Level 1:colcon.colcon_core.package_identification:_identify(.) by extensions ['ignore', 'ignore_ament_install']
[1.365s] Level 1:colcon.colcon_core.package_identification:_identify(.) by extension 'ignore'
[1.365s] Level 1:colcon.colcon_core.package_identification:_identify(.) by extension 'ignore_ament_install'
[1.366s] Level 1:colcon.colcon_core.package_identification:_identify(.) by extensions ['colcon_pkg']
[1.367s] Level 1:colcon.colcon_core.package_identification:_identify(.) by extension 'colcon_pkg'
[1.368s] Level 1:colcon.colcon_core.package_identification:_identify(.) by extensions ['colcon_meta']
[1.369s] Level 1:colcon.colcon_core.package_identification:_identify(.) by extension 'colcon_meta'
[1.369s] Level 1:colcon.colcon_core.package_identification:_identify(.) by extensions ['ros']
[1.370s] Level 1:colcon.colcon_core.package_identification:_identify(.) by extension 'ros'
[1.424s] Level 1:colcon.colcon_core.package_identification:_identify(.) by extensions ['cmake', 'python']
[1.424s] Level 1:colcon.colcon_core.package_identification:_identify(.) by extension 'cmake'
[1.425s] Level 1:colcon.colcon_core.package_identification:_identify(.) by extension 'python'
[1.425s] Level 1:colcon.colcon_core.package_identification:_identify(.) by extensions ['python_setup_py']
[1.426s] Level 1:colcon.colcon_core.package_identification:_identify(.) by extension 'python_setup_py'
[1.427s] Level 1:colcon.colcon_core.package_identification:_identify(build) by extensions ['ignore', 'ignore_ament_install']
[1.427s] Level 1:colcon.colcon_core.package_identification:_identify(build) by extension 'ignore'
[1.428s] Level 1:colcon.colcon_core.package_identification:_identify(build) ignored
[1.428s] Level 1:colcon.colcon_core.package_identification:_identify(install) by extensions ['ignore', 'ignore_ament_install']
[1.429s] Level 1:colcon.colcon_core.package_identification:_identify(install) by extension 'ignore'
[1.430s] Level 1:colcon.colcon_core.package_identification:_identify(install) ignored
[1.430s] Level 1:colcon.colcon_core.package_identification:_identify(log) by extensions ['ignore', 'ignore_ament_install']
[1.431s] Level 1:colcon.colcon_core.package_identification:_identify(log) by extension 'ignore'
[1.431s] Level 1:colcon.colcon_core.package_identification:_identify(log) ignored
[1.432s] Level 1:colcon.colcon_core.package_identification:_identify(nav_project) by extensions ['ignore', 'ignore_ament_install']
[1.432s] Level 1:colcon.colcon_core.package_identification:_identify(nav_project) by extension 'ignore'
[1.433s] Level 1:colcon.colcon_core.package_identification:_identify(nav_project) by extension 'ignore_ament_install'
[1.433s] Level 1:colcon.colcon_core.package_identification:_identify(nav_project) by extensions ['colcon_pkg']
[1.433s] Level 1:colcon.colcon_core.package_identification:_identify(nav_project) by extension 'colcon_pkg'
[1.434s] Level 1:colcon.colcon_core.package_identification:_identify(nav_project) by extensions ['colcon_meta']
[1.434s] Level 1:colcon.colcon_core.package_identification:_identify(nav_project) by extension 'colcon_meta'
[1.434s] Level 1:colcon.colcon_core.package_identification:_identify(nav_project) by extensions ['ros']
[1.434s] Level 1:colcon.colcon_core.package_identification:_identify(nav_project) by extension 'ros'
[1.449s] DEBUG:colcon.colcon_core.package_identification:Package 'nav_project' with type 'ros.ament_python' and name 'nav_project'
[1.449s] Level 1:colcon.colcon_core.package_discovery:discover_packages(recursive) using defaults
[1.450s] Level 1:colcon.colcon_core.package_discovery:discover_packages(ignore) discover
[1.450s] Level 1:colcon.colcon_core.package_discovery:discover_packages(ignore) using defaults
[1.450s] Level 1:colcon.colcon_core.package_discovery:discover_packages(path) discover
[1.450s] Level 1:colcon.colcon_core.package_discovery:discover_packages(path) using defaults
[1.534s] Level 1:colcon.colcon_core.package_discovery:discover_packages(prefix_path) check parameters
[1.534s] Level 1:colcon.colcon_core.package_discovery:discover_packages(prefix_path) discover
[1.544s] DEBUG:colcon.colcon_installed_package_information.package_discovery:Found 1 installed packages in /home/ubuntu/iMax_ws/install
[1.555s] DEBUG:colcon.colcon_installed_package_information.package_discovery:Found 319 installed packages in /opt/ros/humble
[1.567s] Level 1:colcon.colcon_core.package_discovery:discover_packages(prefix_path) using defaults
[1.804s] Level 5:colcon.colcon_core.verb:set package 'nav_project' build argument 'cmake_args' from command line to 'None'
[1.805s] Level 5:colcon.colcon_core.verb:set package 'nav_project' build argument 'cmake_target' from command line to 'None'
[1.805s] Level 5:colcon.colcon_core.verb:set package 'nav_project' build argument 'cmake_target_skip_unavailable' from command line to 'False'
[1.805s] Level 5:colcon.colcon_core.verb:set package 'nav_project' build argument 'cmake_clean_cache' from command line to 'False'
[1.805s] Level 5:colcon.colcon_core.verb:set package 'nav_project' build argument 'cmake_clean_first' from command line to 'False'
[1.805s] Level 5:colcon.colcon_core.verb:set package 'nav_project' build argument 'cmake_force_configure' from command line to 'False'
[1.806s] Level 5:colcon.colcon_core.verb:set package 'nav_project' build argument 'ament_cmake_args' from command line to 'None'
[1.806s] Level 5:colcon.colcon_core.verb:set package 'nav_project' build argument 'catkin_cmake_args' from command line to 'None'
[1.806s] Level 5:colcon.colcon_core.verb:set package 'nav_project' build argument 'catkin_skip_building_tests' from command line to 'False'
[1.806s] DEBUG:colcon.colcon_core.verb:Building package 'nav_project' with the following arguments: {'ament_cmake_args': None, 'build_base': '/home/ubuntu/iMax_ws/build/nav_project', 'catkin_cmake_args': None, 'catkin_skip_building_tests': False, 'cmake_args': None, 'cmake_clean_cache': False, 'cmake_clean_first': False, 'cmake_force_configure': False, 'cmake_target': None, 'cmake_target_skip_unavailable': False, 'install_base': '/home/ubuntu/iMax_ws/install/nav_project', 'merge_install': False, 'path': '/home/ubuntu/iMax_ws/nav_project', 'symlink_install': False, 'test_result_base': None}
[1.807s] INFO:colcon.colcon_core.executor:Executing jobs using 'parallel' executor
[1.810s] DEBUG:colcon.colcon_parallel_executor.executor.parallel:run_until_complete
[1.812s] INFO:colcon.colcon_ros.task.ament_python.build:Building ROS package in '/home/ubuntu/iMax_ws/nav_project' with build type 'ament_python'
[1.813s] Level 1:colcon.colcon_core.shell:create_environment_hook('nav_project', 'ament_prefix_path')
[1.824s] INFO:colcon.colcon_core.plugin_system:Skipping extension 'colcon_core.shell.bat': Not used on non-Windows systems
[1.825s] INFO:colcon.colcon_core.shell:Creating environment hook '/home/ubuntu/iMax_ws/install/nav_project/share/nav_project/hook/ament_prefix_path.ps1'
[1.829s] INFO:colcon.colcon_core.shell:Creating environment descriptor '/home/ubuntu/iMax_ws/install/nav_project/share/nav_project/hook/ament_prefix_path.dsv'
[1.831s] INFO:colcon.colcon_core.shell:Creating environment hook '/home/ubuntu/iMax_ws/install/nav_project/share/nav_project/hook/ament_prefix_path.sh'
[1.835s] INFO:colcon.colcon_core.shell:Skip shell extension 'powershell' for command environment: Not usable outside of PowerShell
[1.835s] DEBUG:colcon.colcon_core.shell:Skip shell extension 'dsv' for command environment
[3.119s] INFO:colcon.colcon_core.task.python.build:Building Python package in '/home/ubuntu/iMax_ws/nav_project'
[3.120s] INFO:colcon.colcon_core.shell:Skip shell extension 'powershell' for command environment: Not usable outside of PowerShell
[3.121s] DEBUG:colcon.colcon_core.shell:Skip shell extension 'dsv' for command environment
[4.855s] DEBUG:colcon.colcon_core.event_handler.log_command:Invoking command in '/home/ubuntu/iMax_ws/nav_project': PYTHONPATH=/home/ubuntu/iMax_ws/build/nav_project/prefix_override:/home/ubuntu/iMax_ws/install/nav_project/lib/python3.10/site-packages:${PYTHONPATH} /usr/bin/python3 -W ignore:setup.py install is deprecated setup.py egg_info --egg-base ../build/nav_project build --build-base /home/ubuntu/iMax_ws/build/nav_project/build install --record /home/ubuntu/iMax_ws/build/nav_project/install.log --single-version-externally-managed install_data
[6.298s] DEBUG:colcon.colcon_core.event_handler.log_command:Invoked command in '/home/ubuntu/iMax_ws/nav_project' returned '0': PYTHONPATH=/home/ubuntu/iMax_ws/build/nav_project/prefix_override:/home/ubuntu/iMax_ws/install/nav_project/lib/python3.10/site-packages:${PYTHONPATH} /usr/bin/python3 -W ignore:setup.py install is deprecated setup.py egg_info --egg-base ../build/nav_project build --build-base /home/ubuntu/iMax_ws/build/nav_project/build install --record /home/ubuntu/iMax_ws/build/nav_project/install.log --single-version-externally-managed install_data
[6.307s] Level 1:colcon.colcon_core.environment:checking '/home/ubuntu/iMax_ws/install/nav_project' for CMake module files
[6.311s] Level 1:colcon.colcon_core.environment:checking '/home/ubuntu/iMax_ws/install/nav_project' for CMake config files
[6.316s] Level 1:colcon.colcon_core.environment:checking '/home/ubuntu/iMax_ws/install/nav_project/lib'
[6.317s] Level 1:colcon.colcon_core.environment:checking '/home/ubuntu/iMax_ws/install/nav_project/bin'
[6.317s] Level 1:colcon.colcon_core.environment:checking '/home/ubuntu/iMax_ws/install/nav_project/lib/pkgconfig/nav_project.pc'
[6.319s] Level 1:colcon.colcon_core.environment:checking '/home/ubuntu/iMax_ws/install/nav_project/lib/python3.10/site-packages'
[6.319s] Level 1:colcon.colcon_core.shell:create_environment_hook('nav_project', 'pythonpath')
[6.320s] INFO:colcon.colcon_core.shell:Creating environment hook '/home/ubuntu/iMax_ws/install/nav_project/share/nav_project/hook/pythonpath.ps1'
[6.323s] INFO:colcon.colcon_core.shell:Creating environment descriptor '/home/ubuntu/iMax_ws/install/nav_project/share/nav_project/hook/pythonpath.dsv'
[6.325s] INFO:colcon.colcon_core.shell:Creating environment hook '/home/ubuntu/iMax_ws/install/nav_project/share/nav_project/hook/pythonpath.sh'
[6.328s] Level 1:colcon.colcon_core.environment:checking '/home/ubuntu/iMax_ws/install/nav_project/bin'
[6.329s] Level 1:colcon.colcon_core.environment:create_environment_scripts_only(nav_project)
[6.330s] INFO:colcon.colcon_core.shell:Creating package script '/home/ubuntu/iMax_ws/install/nav_project/share/nav_project/package.ps1'
[6.334s] INFO:colcon.colcon_core.shell:Creating package descriptor '/home/ubuntu/iMax_ws/install/nav_project/share/nav_project/package.dsv'
[6.337s] INFO:colcon.colcon_core.shell:Creating package script '/home/ubuntu/iMax_ws/install/nav_project/share/nav_project/package.sh'
[6.342s] INFO:colcon.colcon_core.shell:Creating package script '/home/ubuntu/iMax_ws/install/nav_project/share/nav_project/package.bash'
[6.345s] INFO:colcon.colcon_core.shell:Creating package script '/home/ubuntu/iMax_ws/install/nav_project/share/nav_project/package.zsh'
[6.350s] Level 1:colcon.colcon_core.environment:create_file_with_runtime_dependencies(/home/ubuntu/iMax_ws/install/nav_project/share/colcon-core/packages/nav_project)
[6.352s] DEBUG:colcon.colcon_parallel_executor.executor.parallel:closing loop
[6.353s] DEBUG:colcon.colcon_parallel_executor.executor.parallel:loop closed
[6.354s] DEBUG:colcon.colcon_parallel_executor.executor.parallel:run_until_complete finished with '0'
[6.354s] DEBUG:colcon.colcon_core.event_reactor:joining thread
[6.378s] INFO:colcon.colcon_core.plugin_system:Skipping extension 'colcon_notification.desktop_notification.notify_send': Could not find 'notify-send'
[6.379s] INFO:colcon.colcon_core.plugin_system:Skipping extension 'colcon_notification.desktop_notification.terminal_notifier': Not used on non-Darwin systems
[6.379s] INFO:colcon.colcon_core.plugin_system:Skipping extension 'colcon_notification.desktop_notification.win32': Not used on non-Windows systems
[6.380s] INFO:colcon.colcon_notification.desktop_notification:Sending desktop notification using 'notify2'
[6.384s] DEBUG:colcon.colcon_notification.desktop_notification.notify2:Failed to initialize notify2: org.freedesktop.DBus.Error.ServiceUnknown: The name org.freedesktop.Notifications was not provided by any .service files
[6.384s] DEBUG:colcon.colcon_core.event_reactor:joined thread
[6.385s] INFO:colcon.colcon_core.shell:Creating prefix script '/home/ubuntu/iMax_ws/install/local_setup.ps1'
[6.390s] INFO:colcon.colcon_core.shell:Creating prefix util module '/home/ubuntu/iMax_ws/install/_local_setup_util_ps1.py'
[6.396s] INFO:colcon.colcon_core.shell:Creating prefix chain script '/home/ubuntu/iMax_ws/install/setup.ps1'
[6.401s] INFO:colcon.colcon_core.shell:Creating prefix script '/home/ubuntu/iMax_ws/install/local_setup.sh'
[6.405s] INFO:colcon.colcon_core.shell:Creating prefix util module '/home/ubuntu/iMax_ws/install/_local_setup_util_sh.py'
[6.408s] INFO:colcon.colcon_core.shell:Creating prefix chain script '/home/ubuntu/iMax_ws/install/setup.sh'
[6.413s] INFO:colcon.colcon_core.shell:Creating prefix script '/home/ubuntu/iMax_ws/install/local_setup.bash'
[6.416s] INFO:colcon.colcon_core.shell:Creating prefix chain script '/home/ubuntu/iMax_ws/install/setup.bash'
[6.420s] INFO:colcon.colcon_core.shell:Creating prefix script '/home/ubuntu/iMax_ws/install/local_setup.zsh'
[6.423s] INFO:colcon.colcon_core.shell:Creating prefix chain script '/home/ubuntu/iMax_ws/install/setup.zsh'
