[0.538s] DEBUG:colcon:Command line arguments: ['/usr/bin/colcon', 'build']
[0.538s] DEBUG:colcon:Parsed command line arguments: Namespace(log_base=None, log_level=None, verb_name='build', build_base='build', install_base='install', merge_install=False, symlink_install=False, test_result_base=None, continue_on_error=False, executor='parallel', parallel_workers=4, event_handlers=None, ignore_user_meta=False, metas=['./colcon.meta'], base_paths=['.'], packages_ignore=None, packages_ignore_regex=None, paths=None, packages_up_to=None, packages_up_to_regex=None, packages_above=None, packages_above_and_dependencies=None, packages_above_depth=None, packages_select_by_dep=None, packages_skip_by_dep=None, packages_skip_up_to=None, packages_select_build_failed=False, packages_skip_build_finished=False, packages_select_test_failures=False, packages_skip_test_passed=False, packages_select=None, packages_skip=None, packages_select_regex=None, packages_skip_regex=None, packages_start=None, packages_end=None, allow_overriding=[], cmake_args=None, cmake_target=None, cmake_target_skip_unavailable=False, cmake_clean_cache=False, cmake_clean_first=False, cmake_force_configure=False, ament_cmake_args=None, catkin_cmake_args=None, catkin_skip_building_tests=False, mixin_files=None, mixin=None, verb_parser=<colcon_mixin.mixin.mixin_argument.MixinArgumentDecorator object at 0xffffaedb0f10>, verb_extension=<colcon_core.verb.build.BuildVerb object at 0xffffaedb0940>, main=<bound method BuildVerb.main of <colcon_core.verb.build.BuildVerb object at 0xffffaedb0940>>, mixin_verb=('build',))
[1.422s] Level 1:colcon.colcon_core.package_discovery:discover_packages(colcon_meta) check parameters
[1.424s] Level 1:colcon.colcon_core.package_discovery:discover_packages(recursive) check parameters
[1.425s] Level 1:colcon.colcon_core.package_discovery:discover_packages(ignore) check parameters
[1.426s] Level 1:colcon.colcon_core.package_discovery:discover_packages(path) check parameters
[1.427s] Level 1:colcon.colcon_core.package_discovery:discover_packages(colcon_meta) discover
[1.428s] Level 1:colcon.colcon_core.package_discovery:discover_packages(recursive) discover
[1.429s] INFO:colcon.colcon_core.package_discovery:Crawling recursively for packages in '/home/ubuntu/iMax_ws'
[1.430s] Level 1:colcon.colcon_core.package_identification:_identify(.) by extensions ['ignore', 'ignore_ament_install']
[1.431s] Level 1:colcon.colcon_core.package_identification:_identify(.) by extension 'ignore'
[1.431s] Level 1:colcon.colcon_core.package_identification:_identify(.) by extension 'ignore_ament_install'
[1.433s] Level 1:colcon.colcon_core.package_identification:_identify(.) by extensions ['colcon_pkg']
[1.433s] Level 1:colcon.colcon_core.package_identification:_identify(.) by extension 'colcon_pkg'
[1.433s] Level 1:colcon.colcon_core.package_identification:_identify(.) by extensions ['colcon_meta']
[1.433s] Level 1:colcon.colcon_core.package_identification:_identify(.) by extension 'colcon_meta'
[1.434s] Level 1:colcon.colcon_core.package_identification:_identify(.) by extensions ['ros']
[1.434s] Level 1:colcon.colcon_core.package_identification:_identify(.) by extension 'ros'
[1.490s] Level 1:colcon.colcon_core.package_identification:_identify(.) by extensions ['cmake', 'python']
[1.490s] Level 1:colcon.colcon_core.package_identification:_identify(.) by extension 'cmake'
[1.490s] Level 1:colcon.colcon_core.package_identification:_identify(.) by extension 'python'
[1.491s] Level 1:colcon.colcon_core.package_identification:_identify(.) by extensions ['python_setup_py']
[1.491s] Level 1:colcon.colcon_core.package_identification:_identify(.) by extension 'python_setup_py'
[1.491s] Level 1:colcon.colcon_core.package_identification:_identify(build) by extensions ['ignore', 'ignore_ament_install']
[1.492s] Level 1:colcon.colcon_core.package_identification:_identify(build) by extension 'ignore'
[1.492s] Level 1:colcon.colcon_core.package_identification:_identify(build) ignored
[1.493s] Level 1:colcon.colcon_core.package_identification:_identify(install) by extensions ['ignore', 'ignore_ament_install']
[1.493s] Level 1:colcon.colcon_core.package_identification:_identify(install) by extension 'ignore'
[1.494s] Level 1:colcon.colcon_core.package_identification:_identify(install) ignored
[1.494s] Level 1:colcon.colcon_core.package_identification:_identify(log) by extensions ['ignore', 'ignore_ament_install']
[1.495s] Level 1:colcon.colcon_core.package_identification:_identify(log) by extension 'ignore'
[1.495s] Level 1:colcon.colcon_core.package_identification:_identify(log) ignored
[1.496s] Level 1:colcon.colcon_core.package_identification:_identify(nav_project) by extensions ['ignore', 'ignore_ament_install']
[1.496s] Level 1:colcon.colcon_core.package_identification:_identify(nav_project) by extension 'ignore'
[1.496s] Level 1:colcon.colcon_core.package_identification:_identify(nav_project) by extension 'ignore_ament_install'
[1.497s] Level 1:colcon.colcon_core.package_identification:_identify(nav_project) by extensions ['colcon_pkg']
[1.497s] Level 1:colcon.colcon_core.package_identification:_identify(nav_project) by extension 'colcon_pkg'
[1.497s] Level 1:colcon.colcon_core.package_identification:_identify(nav_project) by extensions ['colcon_meta']
[1.498s] Level 1:colcon.colcon_core.package_identification:_identify(nav_project) by extension 'colcon_meta'
[1.498s] Level 1:colcon.colcon_core.package_identification:_identify(nav_project) by extensions ['ros']
[1.498s] Level 1:colcon.colcon_core.package_identification:_identify(nav_project) by extension 'ros'
[1.515s] DEBUG:colcon.colcon_core.package_identification:Package 'nav_project' with type 'ros.ament_python' and name 'nav_project'
[1.515s] Level 1:colcon.colcon_core.package_discovery:discover_packages(recursive) using defaults
[1.515s] Level 1:colcon.colcon_core.package_discovery:discover_packages(ignore) discover
[1.516s] Level 1:colcon.colcon_core.package_discovery:discover_packages(ignore) using defaults
[1.516s] Level 1:colcon.colcon_core.package_discovery:discover_packages(path) discover
[1.516s] Level 1:colcon.colcon_core.package_discovery:discover_packages(path) using defaults
[1.600s] Level 1:colcon.colcon_core.package_discovery:discover_packages(prefix_path) check parameters
[1.600s] Level 1:colcon.colcon_core.package_discovery:discover_packages(prefix_path) discover
[1.611s] DEBUG:colcon.colcon_installed_package_information.package_discovery:Found 1 installed packages in /home/ubuntu/iMax_ws/install
[1.621s] DEBUG:colcon.colcon_installed_package_information.package_discovery:Found 319 installed packages in /opt/ros/humble
[1.634s] Level 1:colcon.colcon_core.package_discovery:discover_packages(prefix_path) using defaults
[1.877s] Level 5:colcon.colcon_core.verb:set package 'nav_project' build argument 'cmake_args' from command line to 'None'
[1.877s] Level 5:colcon.colcon_core.verb:set package 'nav_project' build argument 'cmake_target' from command line to 'None'
[1.878s] Level 5:colcon.colcon_core.verb:set package 'nav_project' build argument 'cmake_target_skip_unavailable' from command line to 'False'
[1.878s] Level 5:colcon.colcon_core.verb:set package 'nav_project' build argument 'cmake_clean_cache' from command line to 'False'
[1.878s] Level 5:colcon.colcon_core.verb:set package 'nav_project' build argument 'cmake_clean_first' from command line to 'False'
[1.878s] Level 5:colcon.colcon_core.verb:set package 'nav_project' build argument 'cmake_force_configure' from command line to 'False'
[1.878s] Level 5:colcon.colcon_core.verb:set package 'nav_project' build argument 'ament_cmake_args' from command line to 'None'
[1.878s] Level 5:colcon.colcon_core.verb:set package 'nav_project' build argument 'catkin_cmake_args' from command line to 'None'
[1.878s] Level 5:colcon.colcon_core.verb:set package 'nav_project' build argument 'catkin_skip_building_tests' from command line to 'False'
[1.878s] DEBUG:colcon.colcon_core.verb:Building package 'nav_project' with the following arguments: {'ament_cmake_args': None, 'build_base': '/home/ubuntu/iMax_ws/build/nav_project', 'catkin_cmake_args': None, 'catkin_skip_building_tests': False, 'cmake_args': None, 'cmake_clean_cache': False, 'cmake_clean_first': False, 'cmake_force_configure': False, 'cmake_target': None, 'cmake_target_skip_unavailable': False, 'install_base': '/home/ubuntu/iMax_ws/install/nav_project', 'merge_install': False, 'path': '/home/ubuntu/iMax_ws/nav_project', 'symlink_install': False, 'test_result_base': None}
[1.879s] INFO:colcon.colcon_core.executor:Executing jobs using 'parallel' executor
[1.883s] DEBUG:colcon.colcon_parallel_executor.executor.parallel:run_until_complete
[1.884s] INFO:colcon.colcon_ros.task.ament_python.build:Building ROS package in '/home/ubuntu/iMax_ws/nav_project' with build type 'ament_python'
[1.886s] Level 1:colcon.colcon_core.shell:create_environment_hook('nav_project', 'ament_prefix_path')
[1.906s] INFO:colcon.colcon_core.plugin_system:Skipping extension 'colcon_core.shell.bat': Not used on non-Windows systems
[1.906s] INFO:colcon.colcon_core.shell:Creating environment hook '/home/ubuntu/iMax_ws/install/nav_project/share/nav_project/hook/ament_prefix_path.ps1'
[1.911s] INFO:colcon.colcon_core.shell:Creating environment descriptor '/home/ubuntu/iMax_ws/install/nav_project/share/nav_project/hook/ament_prefix_path.dsv'
[1.915s] INFO:colcon.colcon_core.shell:Creating environment hook '/home/ubuntu/iMax_ws/install/nav_project/share/nav_project/hook/ament_prefix_path.sh'
[1.919s] INFO:colcon.colcon_core.shell:Skip shell extension 'powershell' for command environment: Not usable outside of PowerShell
[1.920s] DEBUG:colcon.colcon_core.shell:Skip shell extension 'dsv' for command environment
[3.201s] INFO:colcon.colcon_core.task.python.build:Building Python package in '/home/ubuntu/iMax_ws/nav_project'
[3.202s] INFO:colcon.colcon_core.shell:Skip shell extension 'powershell' for command environment: Not usable outside of PowerShell
[3.203s] DEBUG:colcon.colcon_core.shell:Skip shell extension 'dsv' for command environment
[4.965s] DEBUG:colcon.colcon_core.event_handler.log_command:Invoking command in '/home/ubuntu/iMax_ws/nav_project': PYTHONPATH=/home/ubuntu/iMax_ws/build/nav_project/prefix_override:/home/ubuntu/iMax_ws/install/nav_project/lib/python3.10/site-packages:${PYTHONPATH} /usr/bin/python3 -W ignore:setup.py install is deprecated setup.py egg_info --egg-base ../build/nav_project build --build-base /home/ubuntu/iMax_ws/build/nav_project/build install --record /home/ubuntu/iMax_ws/build/nav_project/install.log --single-version-externally-managed install_data
[6.395s] DEBUG:colcon.colcon_core.event_handler.log_command:Invoked command in '/home/ubuntu/iMax_ws/nav_project' returned '0': PYTHONPATH=/home/ubuntu/iMax_ws/build/nav_project/prefix_override:/home/ubuntu/iMax_ws/install/nav_project/lib/python3.10/site-packages:${PYTHONPATH} /usr/bin/python3 -W ignore:setup.py install is deprecated setup.py egg_info --egg-base ../build/nav_project build --build-base /home/ubuntu/iMax_ws/build/nav_project/build install --record /home/ubuntu/iMax_ws/build/nav_project/install.log --single-version-externally-managed install_data
[6.408s] Level 1:colcon.colcon_core.environment:checking '/home/ubuntu/iMax_ws/install/nav_project' for CMake module files
[6.411s] Level 1:colcon.colcon_core.environment:checking '/home/ubuntu/iMax_ws/install/nav_project' for CMake config files
[6.416s] Level 1:colcon.colcon_core.environment:checking '/home/ubuntu/iMax_ws/install/nav_project/lib'
[6.417s] Level 1:colcon.colcon_core.environment:checking '/home/ubuntu/iMax_ws/install/nav_project/bin'
[6.417s] Level 1:colcon.colcon_core.environment:checking '/home/ubuntu/iMax_ws/install/nav_project/lib/pkgconfig/nav_project.pc'
[6.418s] Level 1:colcon.colcon_core.environment:checking '/home/ubuntu/iMax_ws/install/nav_project/lib/python3.10/site-packages'
[6.419s] Level 1:colcon.colcon_core.shell:create_environment_hook('nav_project', 'pythonpath')
[6.420s] INFO:colcon.colcon_core.shell:Creating environment hook '/home/ubuntu/iMax_ws/install/nav_project/share/nav_project/hook/pythonpath.ps1'
[6.422s] INFO:colcon.colcon_core.shell:Creating environment descriptor '/home/ubuntu/iMax_ws/install/nav_project/share/nav_project/hook/pythonpath.dsv'
[6.425s] INFO:colcon.colcon_core.shell:Creating environment hook '/home/ubuntu/iMax_ws/install/nav_project/share/nav_project/hook/pythonpath.sh'
[6.427s] Level 1:colcon.colcon_core.environment:checking '/home/ubuntu/iMax_ws/install/nav_project/bin'
[6.428s] Level 1:colcon.colcon_core.environment:create_environment_scripts_only(nav_project)
[6.429s] INFO:colcon.colcon_core.shell:Creating package script '/home/ubuntu/iMax_ws/install/nav_project/share/nav_project/package.ps1'
[6.433s] INFO:colcon.colcon_core.shell:Creating package descriptor '/home/ubuntu/iMax_ws/install/nav_project/share/nav_project/package.dsv'
[6.437s] INFO:colcon.colcon_core.shell:Creating package script '/home/ubuntu/iMax_ws/install/nav_project/share/nav_project/package.sh'
[6.441s] INFO:colcon.colcon_core.shell:Creating package script '/home/ubuntu/iMax_ws/install/nav_project/share/nav_project/package.bash'
[6.445s] INFO:colcon.colcon_core.shell:Creating package script '/home/ubuntu/iMax_ws/install/nav_project/share/nav_project/package.zsh'
[6.448s] Level 1:colcon.colcon_core.environment:create_file_with_runtime_dependencies(/home/ubuntu/iMax_ws/install/nav_project/share/colcon-core/packages/nav_project)
[6.450s] DEBUG:colcon.colcon_parallel_executor.executor.parallel:closing loop
[6.451s] DEBUG:colcon.colcon_parallel_executor.executor.parallel:loop closed
[6.452s] DEBUG:colcon.colcon_parallel_executor.executor.parallel:run_until_complete finished with '0'
[6.453s] DEBUG:colcon.colcon_core.event_reactor:joining thread
[6.475s] INFO:colcon.colcon_core.plugin_system:Skipping extension 'colcon_notification.desktop_notification.notify_send': Could not find 'notify-send'
[6.475s] INFO:colcon.colcon_core.plugin_system:Skipping extension 'colcon_notification.desktop_notification.terminal_notifier': Not used on non-Darwin systems
[6.475s] INFO:colcon.colcon_core.plugin_system:Skipping extension 'colcon_notification.desktop_notification.win32': Not used on non-Windows systems
[6.476s] INFO:colcon.colcon_notification.desktop_notification:Sending desktop notification using 'notify2'
[6.479s] DEBUG:colcon.colcon_notification.desktop_notification.notify2:Failed to initialize notify2: org.freedesktop.DBus.Error.ServiceUnknown: The name org.freedesktop.Notifications was not provided by any .service files
[6.480s] DEBUG:colcon.colcon_core.event_reactor:joined thread
[6.481s] INFO:colcon.colcon_core.shell:Creating prefix script '/home/ubuntu/iMax_ws/install/local_setup.ps1'
[6.485s] INFO:colcon.colcon_core.shell:Creating prefix util module '/home/ubuntu/iMax_ws/install/_local_setup_util_ps1.py'
[6.491s] INFO:colcon.colcon_core.shell:Creating prefix chain script '/home/ubuntu/iMax_ws/install/setup.ps1'
[6.496s] INFO:colcon.colcon_core.shell:Creating prefix script '/home/ubuntu/iMax_ws/install/local_setup.sh'
[6.499s] INFO:colcon.colcon_core.shell:Creating prefix util module '/home/ubuntu/iMax_ws/install/_local_setup_util_sh.py'
[6.502s] INFO:colcon.colcon_core.shell:Creating prefix chain script '/home/ubuntu/iMax_ws/install/setup.sh'
[6.507s] INFO:colcon.colcon_core.shell:Creating prefix script '/home/ubuntu/iMax_ws/install/local_setup.bash'
[6.511s] INFO:colcon.colcon_core.shell:Creating prefix chain script '/home/ubuntu/iMax_ws/install/setup.bash'
[6.516s] INFO:colcon.colcon_core.shell:Creating prefix script '/home/ubuntu/iMax_ws/install/local_setup.zsh'
[6.519s] INFO:colcon.colcon_core.shell:Creating prefix chain script '/home/ubuntu/iMax_ws/install/setup.zsh'
