[3.028s] Invoking command in '/home/ubuntu/iMax_ws/nav_project': PYTHONPATH=/home/ubuntu/iMax_ws/build/nav_project/prefix_override:/home/ubuntu/iMax_ws/install/nav_project/lib/python3.10/site-packages:${PYTHONPATH} /usr/bin/python3 -W ignore:setup.py install is deprecated setup.py egg_info --egg-base ../build/nav_project build --build-base /home/ubuntu/iMax_ws/build/nav_project/build install --record /home/ubuntu/iMax_ws/build/nav_project/install.log --single-version-externally-managed install_data
[4.190s] running egg_info
[4.193s] writing ../build/nav_project/nav_project.egg-info/PKG-INFO
[4.196s] writing dependency_links to ../build/nav_project/nav_project.egg-info/dependency_links.txt
[4.198s] writing entry points to ../build/nav_project/nav_project.egg-info/entry_points.txt
[4.199s] writing requirements to ../build/nav_project/nav_project.egg-info/requires.txt
[4.200s] writing top-level names to ../build/nav_project/nav_project.egg-info/top_level.txt
[4.210s] reading manifest file '../build/nav_project/nav_project.egg-info/SOURCES.txt'
[4.214s] writing manifest file '../build/nav_project/nav_project.egg-info/SOURCES.txt'
[4.215s] running build
[4.216s] running build_py
[4.217s] copying nav_project/supervisor.py -> /home/ubuntu/iMax_ws/build/nav_project/build/lib/nav_project
[4.219s] running install
[4.221s] running install_lib
[4.226s] copying /home/ubuntu/iMax_ws/build/nav_project/build/lib/nav_project/supervisor.py -> /home/ubuntu/iMax_ws/install/nav_project/lib/python3.10/site-packages/nav_project
[4.229s] byte-compiling /home/ubuntu/iMax_ws/install/nav_project/lib/python3.10/site-packages/nav_project/supervisor.py to supervisor.cpython-310.pyc
[4.235s] running install_data
[4.238s] copying launch/master.launch.py -> /home/ubuntu/iMax_ws/install/nav_project/share/nav_project
[4.239s] running install_egg_info
[4.246s] removing '/home/ubuntu/iMax_ws/install/nav_project/lib/python3.10/site-packages/nav_project-0.0.0-py3.10.egg-info' (and everything under it)
[4.248s] Copying ../build/nav_project/nav_project.egg-info to /home/ubuntu/iMax_ws/install/nav_project/lib/python3.10/site-packages/nav_project-0.0.0-py3.10.egg-info
[4.253s] running install_scripts
[4.338s] Installing nav_project_ex script to /home/ubuntu/iMax_ws/install/nav_project/lib/nav_project
[4.339s] Installing supervisor_ex script to /home/ubuntu/iMax_ws/install/nav_project/lib/nav_project
[4.341s] writing list of installed files to '/home/ubuntu/iMax_ws/build/nav_project/install.log'
[4.473s] Invoked command in '/home/ubuntu/iMax_ws/nav_project' returned '0': PYTHONPATH=/home/ubuntu/iMax_ws/build/nav_project/prefix_override:/home/ubuntu/iMax_ws/install/nav_project/lib/python3.10/site-packages:${PYTHONPATH} /usr/bin/python3 -W ignore:setup.py install is deprecated setup.py egg_info --egg-base ../build/nav_project build --build-base /home/ubuntu/iMax_ws/build/nav_project/build install --record /home/ubuntu/iMax_ws/build/nav_project/install.log --single-version-externally-managed install_data
