[3.562s] Invoking command in '/home/ubuntu/iMax_ws/nav_project': PYTHONPATH=/home/ubuntu/iMax_ws/build/nav_project/prefix_override:/home/ubuntu/iMax_ws/install/nav_project/lib/python3.10/site-packages:${PYTHONPATH} /usr/bin/python3 -W ignore:setup.py install is deprecated setup.py egg_info --egg-base ../build/nav_project build --build-base /home/ubuntu/iMax_ws/build/nav_project/build install --record /home/ubuntu/iMax_ws/build/nav_project/install.log --single-version-externally-managed install_data
[4.678s] running egg_info
[4.682s] writing ../build/nav_project/nav_project.egg-info/PKG-INFO
[4.683s] writing dependency_links to ../build/nav_project/nav_project.egg-info/dependency_links.txt
[4.685s] writing entry points to ../build/nav_project/nav_project.egg-info/entry_points.txt
[4.686s] writing requirements to ../build/nav_project/nav_project.egg-info/requires.txt
[4.687s] writing top-level names to ../build/nav_project/nav_project.egg-info/top_level.txt
[4.696s] reading manifest file '../build/nav_project/nav_project.egg-info/SOURCES.txt'
[4.700s] writing manifest file '../build/nav_project/nav_project.egg-info/SOURCES.txt'
[4.701s] running build
[4.701s] running build_py
[4.704s] running install
[4.705s] running install_lib
[4.712s] running install_data
[4.713s] copying launch/nav_localization.launch.py -> /home/ubuntu/iMax_ws/install/nav_project/share/nav_project
[4.714s] running install_egg_info
[4.721s] removing '/home/ubuntu/iMax_ws/install/nav_project/lib/python3.10/site-packages/nav_project-0.0.0-py3.10.egg-info' (and everything under it)
[4.723s] Copying ../build/nav_project/nav_project.egg-info to /home/ubuntu/iMax_ws/install/nav_project/lib/python3.10/site-packages/nav_project-0.0.0-py3.10.egg-info
[4.729s] running install_scripts
[4.815s] Installing nav_project_ex script to /home/ubuntu/iMax_ws/install/nav_project/lib/nav_project
[4.815s] Installing supervisor_ex script to /home/ubuntu/iMax_ws/install/nav_project/lib/nav_project
[4.818s] writing list of installed files to '/home/ubuntu/iMax_ws/build/nav_project/install.log'
[4.949s] Invoked command in '/home/ubuntu/iMax_ws/nav_project' returned '0': PYTHONPATH=/home/ubuntu/iMax_ws/build/nav_project/prefix_override:/home/ubuntu/iMax_ws/install/nav_project/lib/python3.10/site-packages:${PYTHONPATH} /usr/bin/python3 -W ignore:setup.py install is deprecated setup.py egg_info --egg-base ../build/nav_project build --build-base /home/ubuntu/iMax_ws/build/nav_project/build install --record /home/ubuntu/iMax_ws/build/nav_project/install.log --single-version-externally-managed install_data
