running egg_info
creating ../build/nav_project/nav_project.egg-info
writing ../build/nav_project/nav_project.egg-info/PKG-INFO
writing dependency_links to ../build/nav_project/nav_project.egg-info/dependency_links.txt
writing entry points to ../build/nav_project/nav_project.egg-info/entry_points.txt
writing requirements to ../build/nav_project/nav_project.egg-info/requires.txt
writing top-level names to ../build/nav_project/nav_project.egg-info/top_level.txt
writing manifest file '../build/nav_project/nav_project.egg-info/SOURCES.txt'
reading manifest file '../build/nav_project/nav_project.egg-info/SOURCES.txt'
writing manifest file '../build/nav_project/nav_project.egg-info/SOURCES.txt'
running build
running build_py
creating /home/ubuntu/iMax_ws/build/nav_project/build
creating /home/ubuntu/iMax_ws/build/nav_project/build/lib
creating /home/ubuntu/iMax_ws/build/nav_project/build/lib/nav_project
copying nav_project/nav_16102.py -> /home/ubuntu/iMax_ws/build/nav_project/build/lib/nav_project
copying nav_project/nav_project_nav_code.py -> /home/ubuntu/iMax_ws/build/nav_project/build/lib/nav_project
copying nav_project/supervisor.py -> /home/ubuntu/iMax_ws/build/nav_project/build/lib/nav_project
copying nav_project/__init__.py -> /home/ubuntu/iMax_ws/build/nav_project/build/lib/nav_project
copying nav_project/Power_Saver.py -> /home/ubuntu/iMax_ws/build/nav_project/build/lib/nav_project
running install
running install_lib
creating /home/ubuntu/iMax_ws/install/nav_project/lib/python3.10/site-packages/nav_project
copying /home/ubuntu/iMax_ws/build/nav_project/build/lib/nav_project/nav_16102.py -> /home/ubuntu/iMax_ws/install/nav_project/lib/python3.10/site-packages/nav_project
copying /home/ubuntu/iMax_ws/build/nav_project/build/lib/nav_project/nav_project_nav_code.py -> /home/ubuntu/iMax_ws/install/nav_project/lib/python3.10/site-packages/nav_project
copying /home/ubuntu/iMax_ws/build/nav_project/build/lib/nav_project/supervisor.py -> /home/ubuntu/iMax_ws/install/nav_project/lib/python3.10/site-packages/nav_project
copying /home/ubuntu/iMax_ws/build/nav_project/build/lib/nav_project/__init__.py -> /home/ubuntu/iMax_ws/install/nav_project/lib/python3.10/site-packages/nav_project
copying /home/ubuntu/iMax_ws/build/nav_project/build/lib/nav_project/Power_Saver.py -> /home/ubuntu/iMax_ws/install/nav_project/lib/python3.10/site-packages/nav_project
byte-compiling /home/ubuntu/iMax_ws/install/nav_project/lib/python3.10/site-packages/nav_project/nav_16102.py to nav_16102.cpython-310.pyc
byte-compiling /home/ubuntu/iMax_ws/install/nav_project/lib/python3.10/site-packages/nav_project/nav_project_nav_code.py to nav_project_nav_code.cpython-310.pyc
byte-compiling /home/ubuntu/iMax_ws/install/nav_project/lib/python3.10/site-packages/nav_project/supervisor.py to supervisor.cpython-310.pyc
byte-compiling /home/ubuntu/iMax_ws/install/nav_project/lib/python3.10/site-packages/nav_project/__init__.py to __init__.cpython-310.pyc
byte-compiling /home/ubuntu/iMax_ws/install/nav_project/lib/python3.10/site-packages/nav_project/Power_Saver.py to Power_Saver.cpython-310.pyc
running install_data
creating /home/ubuntu/iMax_ws/install/nav_project/share/ament_index
creating /home/ubuntu/iMax_ws/install/nav_project/share/ament_index/resource_index
creating /home/ubuntu/iMax_ws/install/nav_project/share/ament_index/resource_index/packages
copying resource/nav_project -> /home/ubuntu/iMax_ws/install/nav_project/share/ament_index/resource_index/packages
copying package.xml -> /home/ubuntu/iMax_ws/install/nav_project/share/nav_project
copying launch/master.launch.py -> /home/ubuntu/iMax_ws/install/nav_project/share/nav_project
copying launch/launch_filetest.launch.py -> /home/ubuntu/iMax_ws/install/nav_project/share/nav_project
copying launch/nav_project.launch.py -> /home/ubuntu/iMax_ws/install/nav_project/share/nav_project
copying launch/nav_localization.launch.py -> /home/ubuntu/iMax_ws/install/nav_project/share/nav_project
copying launch/supervisor.launch.py -> /home/ubuntu/iMax_ws/install/nav_project/share/nav_project
creating /home/ubuntu/iMax_ws/install/nav_project/share/nav_project/config
copying config/nav2.yaml -> /home/ubuntu/iMax_ws/install/nav_project/share/nav_project/config
running install_egg_info
Copying ../build/nav_project/nav_project.egg-info to /home/ubuntu/iMax_ws/install/nav_project/lib/python3.10/site-packages/nav_project-0.0.0-py3.10.egg-info
running install_scripts
Installing nav_project_ex script to /home/ubuntu/iMax_ws/install/nav_project/lib/nav_project
Installing supervisor_ex script to /home/ubuntu/iMax_ws/install/nav_project/lib/nav_project
writing list of installed files to '/home/ubuntu/iMax_ws/build/nav_project/install.log'
